0 info it worked if it ends with ok
1 verbose cli [ 'node',
1 verbose cli   '/usr/local/bin/npm',
1 verbose cli   'install',
1 verbose cli   'ScrollMagic',
1 verbose cli   '--save' ]
2 info using npm@1.4.28
3 info using node@v0.10.33
4 warn package.json Starcentre@0.2.0 No repository field.
5 warn package.json Starcentre@0.2.0 No README data
6 verbose readDependencies using package.json deps
7 verbose cache add [ 'ScrollMagic', null ]
8 verbose cache add name=undefined spec="ScrollMagic" args=["ScrollMagic",null]
9 verbose parsed url { protocol: null,
9 verbose parsed url   slashes: null,
9 verbose parsed url   auth: null,
9 verbose parsed url   host: null,
9 verbose parsed url   port: null,
9 verbose parsed url   hostname: null,
9 verbose parsed url   hash: null,
9 verbose parsed url   search: null,
9 verbose parsed url   query: null,
9 verbose parsed url   pathname: 'ScrollMagic',
9 verbose parsed url   path: 'ScrollMagic',
9 verbose parsed url   href: 'ScrollMagic' }
10 silly lockFile 98df0e8c-ScrollMagic ScrollMagic
11 verbose lock ScrollMagic /Users/buschidos/.npm/98df0e8c-ScrollMagic.lock
12 silly lockFile 98df0e8c-ScrollMagic ScrollMagic
13 silly lockFile 98df0e8c-ScrollMagic ScrollMagic
14 verbose addNamed [ 'ScrollMagic', '' ]
15 verbose addNamed [ null, '*' ]
16 silly lockFile 3646cf8d-ScrollMagic ScrollMagic@
17 verbose lock ScrollMagic@ /Users/buschidos/.npm/3646cf8d-ScrollMagic.lock
18 silly addNameRange { name: 'ScrollMagic', range: '*', hasData: false }
19 verbose request where is /ScrollMagic
20 verbose request registry https://registry.npmjs.org/
21 verbose request id 32859cf18933c0b9
22 verbose url raw /ScrollMagic
23 verbose url resolving [ 'https://registry.npmjs.org/', './ScrollMagic' ]
24 verbose url resolved https://registry.npmjs.org/ScrollMagic
25 verbose request where is https://registry.npmjs.org/ScrollMagic
26 info trying registry request attempt 1 at 13:33:26
27 http GET https://registry.npmjs.org/ScrollMagic
28 http 404 https://registry.npmjs.org/ScrollMagic
29 verbose headers { server: 'CouchDB/1.5.0 (Erlang OTP/R16B03)',
29 verbose headers   'content-type': 'application/json',
29 verbose headers   'cache-control': 'max-age=0',
29 verbose headers   'content-length': '51',
29 verbose headers   'accept-ranges': 'bytes',
29 verbose headers   date: 'Wed, 20 May 2015 10:33:25 GMT',
29 verbose headers   via: '1.1 varnish',
29 verbose headers   age: '0',
29 verbose headers   connection: 'keep-alive',
29 verbose headers   'x-served-by': 'cache-fra1232-FRA',
29 verbose headers   'x-cache': 'MISS',
29 verbose headers   'x-cache-hits': '0',
29 verbose headers   'x-timer': 'S1432118005.791514,VS0,VE178' }
30 silly registry.get cb [ 404,
30 silly registry.get   { server: 'CouchDB/1.5.0 (Erlang OTP/R16B03)',
30 silly registry.get     'content-type': 'application/json',
30 silly registry.get     'cache-control': 'max-age=0',
30 silly registry.get     'content-length': '51',
30 silly registry.get     'accept-ranges': 'bytes',
30 silly registry.get     date: 'Wed, 20 May 2015 10:33:25 GMT',
30 silly registry.get     via: '1.1 varnish',
30 silly registry.get     age: '0',
30 silly registry.get     connection: 'keep-alive',
30 silly registry.get     'x-served-by': 'cache-fra1232-FRA',
30 silly registry.get     'x-cache': 'MISS',
30 silly registry.get     'x-cache-hits': '0',
30 silly registry.get     'x-timer': 'S1432118005.791514,VS0,VE178' } ]
31 silly lockFile 3646cf8d-ScrollMagic ScrollMagic@
32 silly lockFile 3646cf8d-ScrollMagic ScrollMagic@
33 error 404 404 Not Found: ScrollMagic
33 error 404
33 error 404 'ScrollMagic' is not in the npm registry.
33 error 404 You should bug the author to publish it
33 error 404 It was specified as a dependency of 'Starcentre'
33 error 404
33 error 404 Note that you can also install from a
33 error 404 tarball, folder, or http url, or git url.
34 error System Darwin 14.3.0
35 error command "node" "/usr/local/bin/npm" "install" "ScrollMagic" "--save"
36 error cwd /Users/buschidos/Documents/coderiver/git/starcenter
37 error node -v v0.10.33
38 error npm -v 1.4.28
39 error code E404
40 verbose exit [ 1, true ]
